{"/Users/ryan.parsley/Sites/dove/api/responses/badRequest.js":{"path":"/Users/ryan.parsley/Sites/dove/api/responses/badRequest.js","s":{"1":1,"2":0,"3":0,"4":0,"5":0,"6":0,"7":0,"8":0,"9":0,"10":0,"11":0,"12":0,"13":0,"14":0,"15":0,"16":0,"17":0,"18":0,"19":0,"20":0,"21":0,"22":0},"b":{"1":[0,0],"2":[0,0],"3":[0,0],"4":[0,0],"5":[0,0],"6":[0,0],"7":[0,0],"8":[0,0],"9":[0,0],"10":[0,0]},"f":{"1":0,"2":0},"fnMap":{"1":{"name":"badRequest","line":18,"loc":{"start":{"line":18,"column":17},"end":{"line":18,"column":52}}},"2":{"name":"couldNotGuessView","line":71,"loc":{"start":{"line":71,"column":70},"end":{"line":71,"column":100}}}},"statementMap":{"1":{"start":{"line":18,"column":0},"end":{"line":75,"column":2}},"2":{"start":{"line":21,"column":2},"end":{"line":21,"column":21}},"3":{"start":{"line":22,"column":2},"end":{"line":22,"column":21}},"4":{"start":{"line":23,"column":2},"end":{"line":23,"column":25}},"5":{"start":{"line":26,"column":2},"end":{"line":26,"column":18}},"6":{"start":{"line":29,"column":2},"end":{"line":32,"column":65}},"7":{"start":{"line":30,"column":4},"end":{"line":30,"column":71}},"8":{"start":{"line":32,"column":7},"end":{"line":32,"column":65}},"9":{"start":{"line":37,"column":2},"end":{"line":39,"column":3}},"10":{"start":{"line":38,"column":4},"end":{"line":38,"column":21}},"11":{"start":{"line":43,"column":2},"end":{"line":45,"column":3}},"12":{"start":{"line":44,"column":4},"end":{"line":44,"column":27}},"13":{"start":{"line":49,"column":2},"end":{"line":49,"column":78}},"14":{"start":{"line":52,"column":2},"end":{"line":52,"column":22}},"15":{"start":{"line":53,"column":2},"end":{"line":60,"column":3}},"16":{"start":{"line":54,"column":4},"end":{"line":59,"column":5}},"17":{"start":{"line":55,"column":6},"end":{"line":55,"column":62}},"18":{"start":{"line":58,"column":6},"end":{"line":58,"column":27}},"19":{"start":{"line":65,"column":2},"end":{"line":73,"column":5}},"20":{"start":{"line":66,"column":4},"end":{"line":66,"column":76}},"21":{"start":{"line":71,"column":7},"end":{"line":73,"column":5}},"22":{"start":{"line":72,"column":4},"end":{"line":72,"column":27}}},"branchMap":{"1":{"line":29,"type":"if","locations":[{"start":{"line":29,"column":2},"end":{"line":29,"column":2}},{"start":{"line":29,"column":2},"end":{"line":29,"column":2}}]},"2":{"line":37,"type":"if","locations":[{"start":{"line":37,"column":2},"end":{"line":37,"column":2}},{"start":{"line":37,"column":2},"end":{"line":37,"column":2}}]},"3":{"line":37,"type":"binary-expr","locations":[{"start":{"line":37,"column":6},"end":{"line":37,"column":47}},{"start":{"line":37,"column":51},"end":{"line":37,"column":91}}]},"4":{"line":43,"type":"if","locations":[{"start":{"line":43,"column":2},"end":{"line":43,"column":2}},{"start":{"line":43,"column":2},"end":{"line":43,"column":2}}]},"5":{"line":43,"type":"binary-expr","locations":[{"start":{"line":43,"column":6},"end":{"line":43,"column":19}},{"start":{"line":43,"column":23},"end":{"line":43,"column":57}}]},"6":{"line":49,"type":"cond-expr","locations":[{"start":{"line":49,"column":44},"end":{"line":49,"column":61}},{"start":{"line":49,"column":64},"end":{"line":49,"column":77}}]},"7":{"line":49,"type":"binary-expr","locations":[{"start":{"line":49,"column":64},"end":{"line":49,"column":71}},{"start":{"line":49,"column":75},"end":{"line":49,"column":77}}]},"8":{"line":53,"type":"if","locations":[{"start":{"line":53,"column":2},"end":{"line":53,"column":2}},{"start":{"line":53,"column":2},"end":{"line":53,"column":2}}]},"9":{"line":53,"type":"binary-expr","locations":[{"start":{"line":53,"column":6},"end":{"line":53,"column":34}},{"start":{"line":53,"column":38},"end":{"line":53,"column":65}}]},"10":{"line":65,"type":"if","locations":[{"start":{"line":65,"column":2},"end":{"line":65,"column":2}},{"start":{"line":65,"column":2},"end":{"line":65,"column":2}}]}}},"/Users/ryan.parsley/Sites/dove/api/responses/created.js":{"path":"/Users/ryan.parsley/Sites/dove/api/responses/created.js","s":{"1":1,"2":0,"3":0,"4":0,"5":0,"6":0,"7":0,"8":0,"9":0,"10":0,"11":0,"12":0,"13":0,"14":0,"15":0,"16":0,"17":0,"18":0},"b":{"1":[0,0],"2":[0,0],"3":[0,0],"4":[0,0],"5":[0,0],"6":[0,0],"7":[0,0]},"f":{"1":0,"2":0},"fnMap":{"1":{"name":"created","line":14,"loc":{"start":{"line":14,"column":17},"end":{"line":14,"column":50}}},"2":{"name":"couldNotGuessView","line":56,"loc":{"start":{"line":56,"column":66},"end":{"line":56,"column":96}}}},"statementMap":{"1":{"start":{"line":14,"column":0},"end":{"line":60,"column":2}},"2":{"start":{"line":17,"column":2},"end":{"line":17,"column":21}},"3":{"start":{"line":18,"column":2},"end":{"line":18,"column":21}},"4":{"start":{"line":19,"column":2},"end":{"line":19,"column":25}},"5":{"start":{"line":21,"column":2},"end":{"line":21,"column":71}},"6":{"start":{"line":24,"column":2},"end":{"line":24,"column":18}},"7":{"start":{"line":28,"column":2},"end":{"line":30,"column":3}},"8":{"start":{"line":29,"column":4},"end":{"line":29,"column":27}},"9":{"start":{"line":34,"column":2},"end":{"line":34,"column":78}},"10":{"start":{"line":37,"column":2},"end":{"line":37,"column":22}},"11":{"start":{"line":38,"column":2},"end":{"line":45,"column":3}},"12":{"start":{"line":39,"column":4},"end":{"line":44,"column":5}},"13":{"start":{"line":40,"column":6},"end":{"line":40,"column":62}},"14":{"start":{"line":43,"column":6},"end":{"line":43,"column":27}},"15":{"start":{"line":50,"column":2},"end":{"line":58,"column":5}},"16":{"start":{"line":51,"column":4},"end":{"line":51,"column":72}},"17":{"start":{"line":56,"column":7},"end":{"line":58,"column":5}},"18":{"start":{"line":57,"column":4},"end":{"line":57,"column":27}}},"branchMap":{"1":{"line":28,"type":"if","locations":[{"start":{"line":28,"column":2},"end":{"line":28,"column":2}},{"start":{"line":28,"column":2},"end":{"line":28,"column":2}}]},"2":{"line":28,"type":"binary-expr","locations":[{"start":{"line":28,"column":6},"end":{"line":28,"column":19}},{"start":{"line":28,"column":23},"end":{"line":28,"column":57}}]},"3":{"line":34,"type":"cond-expr","locations":[{"start":{"line":34,"column":44},"end":{"line":34,"column":61}},{"start":{"line":34,"column":64},"end":{"line":34,"column":77}}]},"4":{"line":34,"type":"binary-expr","locations":[{"start":{"line":34,"column":64},"end":{"line":34,"column":71}},{"start":{"line":34,"column":75},"end":{"line":34,"column":77}}]},"5":{"line":38,"type":"if","locations":[{"start":{"line":38,"column":2},"end":{"line":38,"column":2}},{"start":{"line":38,"column":2},"end":{"line":38,"column":2}}]},"6":{"line":38,"type":"binary-expr","locations":[{"start":{"line":38,"column":6},"end":{"line":38,"column":34}},{"start":{"line":38,"column":38},"end":{"line":38,"column":65}}]},"7":{"line":50,"type":"if","locations":[{"start":{"line":50,"column":2},"end":{"line":50,"column":2}},{"start":{"line":50,"column":2},"end":{"line":50,"column":2}}]}}},"/Users/ryan.parsley/Sites/dove/api/responses/forbidden.js":{"path":"/Users/ryan.parsley/Sites/dove/api/responses/forbidden.js","s":{"1":1,"2":0,"3":0,"4":0,"5":0,"6":0,"7":0,"8":0,"9":0,"10":0,"11":0,"12":0,"13":0,"14":0,"15":0,"16":0,"17":0,"18":0,"19":0,"20":0,"21":0,"22":0,"23":0,"24":0,"25":0,"26":0,"27":0},"b":{"1":[0,0],"2":[0,0],"3":[0,0],"4":[0,0],"5":[0,0],"6":[0,0],"7":[0,0],"8":[0,0],"9":[0,0],"10":[0,0],"11":[0,0],"12":[0,0]},"f":{"1":0,"2":0},"fnMap":{"1":{"name":"forbidden","line":15,"loc":{"start":{"line":15,"column":17},"end":{"line":15,"column":52}}},"2":{"name":"(anonymous_2)","line":68,"loc":{"start":{"line":68,"column":70},"end":{"line":68,"column":91}}}},"statementMap":{"1":{"start":{"line":15,"column":0},"end":{"line":88,"column":2}},"2":{"start":{"line":18,"column":2},"end":{"line":18,"column":21}},"3":{"start":{"line":19,"column":2},"end":{"line":19,"column":21}},"4":{"start":{"line":20,"column":2},"end":{"line":20,"column":25}},"5":{"start":{"line":23,"column":2},"end":{"line":23,"column":18}},"6":{"start":{"line":26,"column":2},"end":{"line":29,"column":63}},"7":{"start":{"line":27,"column":4},"end":{"line":27,"column":69}},"8":{"start":{"line":29,"column":7},"end":{"line":29,"column":63}},"9":{"start":{"line":34,"column":2},"end":{"line":36,"column":3}},"10":{"start":{"line":35,"column":4},"end":{"line":35,"column":21}},"11":{"start":{"line":40,"column":2},"end":{"line":42,"column":3}},"12":{"start":{"line":41,"column":4},"end":{"line":41,"column":27}},"13":{"start":{"line":46,"column":2},"end":{"line":46,"column":78}},"14":{"start":{"line":49,"column":2},"end":{"line":49,"column":22}},"15":{"start":{"line":50,"column":2},"end":{"line":57,"column":3}},"16":{"start":{"line":51,"column":4},"end":{"line":56,"column":5}},"17":{"start":{"line":52,"column":6},"end":{"line":52,"column":62}},"18":{"start":{"line":55,"column":6},"end":{"line":55,"column":27}},"19":{"start":{"line":62,"column":2},"end":{"line":86,"column":5}},"20":{"start":{"line":63,"column":4},"end":{"line":63,"column":74}},"21":{"start":{"line":68,"column":7},"end":{"line":86,"column":5}},"22":{"start":{"line":71,"column":4},"end":{"line":83,"column":5}},"23":{"start":{"line":75,"column":6},"end":{"line":81,"column":7}},"24":{"start":{"line":76,"column":8},"end":{"line":76,"column":124}},"25":{"start":{"line":80,"column":8},"end":{"line":80,"column":145}},"26":{"start":{"line":82,"column":6},"end":{"line":82,"column":29}},"27":{"start":{"line":85,"column":4},"end":{"line":85,"column":26}}},"branchMap":{"1":{"line":26,"type":"if","locations":[{"start":{"line":26,"column":2},"end":{"line":26,"column":2}},{"start":{"line":26,"column":2},"end":{"line":26,"column":2}}]},"2":{"line":34,"type":"if","locations":[{"start":{"line":34,"column":2},"end":{"line":34,"column":2}},{"start":{"line":34,"column":2},"end":{"line":34,"column":2}}]},"3":{"line":34,"type":"binary-expr","locations":[{"start":{"line":34,"column":6},"end":{"line":34,"column":47}},{"start":{"line":34,"column":51},"end":{"line":34,"column":91}}]},"4":{"line":40,"type":"if","locations":[{"start":{"line":40,"column":2},"end":{"line":40,"column":2}},{"start":{"line":40,"column":2},"end":{"line":40,"column":2}}]},"5":{"line":40,"type":"binary-expr","locations":[{"start":{"line":40,"column":6},"end":{"line":40,"column":19}},{"start":{"line":40,"column":23},"end":{"line":40,"column":57}}]},"6":{"line":46,"type":"cond-expr","locations":[{"start":{"line":46,"column":44},"end":{"line":46,"column":61}},{"start":{"line":46,"column":64},"end":{"line":46,"column":77}}]},"7":{"line":46,"type":"binary-expr","locations":[{"start":{"line":46,"column":64},"end":{"line":46,"column":71}},{"start":{"line":46,"column":75},"end":{"line":46,"column":77}}]},"8":{"line":50,"type":"if","locations":[{"start":{"line":50,"column":2},"end":{"line":50,"column":2}},{"start":{"line":50,"column":2},"end":{"line":50,"column":2}}]},"9":{"line":50,"type":"binary-expr","locations":[{"start":{"line":50,"column":6},"end":{"line":50,"column":34}},{"start":{"line":50,"column":38},"end":{"line":50,"column":65}}]},"10":{"line":62,"type":"if","locations":[{"start":{"line":62,"column":2},"end":{"line":62,"column":2}},{"start":{"line":62,"column":2},"end":{"line":62,"column":2}}]},"11":{"line":71,"type":"if","locations":[{"start":{"line":71,"column":4},"end":{"line":71,"column":4}},{"start":{"line":71,"column":4},"end":{"line":71,"column":4}}]},"12":{"line":75,"type":"if","locations":[{"start":{"line":75,"column":6},"end":{"line":75,"column":6}},{"start":{"line":75,"column":6},"end":{"line":75,"column":6}}]}}},"/Users/ryan.parsley/Sites/dove/api/responses/notFound.js":{"path":"/Users/ryan.parsley/Sites/dove/api/responses/notFound.js","s":{"1":1,"2":0,"3":0,"4":0,"5":0,"6":0,"7":0,"8":0,"9":0,"10":0,"11":0,"12":0,"13":0,"14":0,"15":0,"16":0,"17":0,"18":0,"19":0,"20":0,"21":0,"22":0,"23":0,"24":0,"25":0,"26":0,"27":0},"b":{"1":[0,0],"2":[0,0],"3":[0,0],"4":[0,0],"5":[0,0],"6":[0,0],"7":[0,0],"8":[0,0],"9":[0,0],"10":[0,0],"11":[0,0],"12":[0,0]},"f":{"1":0,"2":0},"fnMap":{"1":{"name":"notFound","line":20,"loc":{"start":{"line":20,"column":17},"end":{"line":20,"column":51}}},"2":{"name":"(anonymous_2)","line":73,"loc":{"start":{"line":73,"column":70},"end":{"line":73,"column":91}}}},"statementMap":{"1":{"start":{"line":20,"column":0},"end":{"line":93,"column":2}},"2":{"start":{"line":23,"column":2},"end":{"line":23,"column":21}},"3":{"start":{"line":24,"column":2},"end":{"line":24,"column":21}},"4":{"start":{"line":25,"column":2},"end":{"line":25,"column":25}},"5":{"start":{"line":28,"column":2},"end":{"line":28,"column":18}},"6":{"start":{"line":31,"column":2},"end":{"line":34,"column":63}},"7":{"start":{"line":32,"column":4},"end":{"line":32,"column":69}},"8":{"start":{"line":34,"column":7},"end":{"line":34,"column":63}},"9":{"start":{"line":39,"column":2},"end":{"line":41,"column":3}},"10":{"start":{"line":40,"column":4},"end":{"line":40,"column":21}},"11":{"start":{"line":45,"column":2},"end":{"line":47,"column":3}},"12":{"start":{"line":46,"column":4},"end":{"line":46,"column":27}},"13":{"start":{"line":51,"column":2},"end":{"line":51,"column":78}},"14":{"start":{"line":54,"column":2},"end":{"line":54,"column":22}},"15":{"start":{"line":55,"column":2},"end":{"line":62,"column":3}},"16":{"start":{"line":56,"column":4},"end":{"line":61,"column":5}},"17":{"start":{"line":57,"column":6},"end":{"line":57,"column":62}},"18":{"start":{"line":60,"column":6},"end":{"line":60,"column":27}},"19":{"start":{"line":67,"column":2},"end":{"line":91,"column":5}},"20":{"start":{"line":68,"column":4},"end":{"line":68,"column":74}},"21":{"start":{"line":73,"column":7},"end":{"line":91,"column":5}},"22":{"start":{"line":76,"column":4},"end":{"line":88,"column":5}},"23":{"start":{"line":80,"column":6},"end":{"line":86,"column":7}},"24":{"start":{"line":81,"column":8},"end":{"line":81,"column":123}},"25":{"start":{"line":85,"column":8},"end":{"line":85,"column":144}},"26":{"start":{"line":87,"column":6},"end":{"line":87,"column":29}},"27":{"start":{"line":90,"column":4},"end":{"line":90,"column":26}}},"branchMap":{"1":{"line":31,"type":"if","locations":[{"start":{"line":31,"column":2},"end":{"line":31,"column":2}},{"start":{"line":31,"column":2},"end":{"line":31,"column":2}}]},"2":{"line":39,"type":"if","locations":[{"start":{"line":39,"column":2},"end":{"line":39,"column":2}},{"start":{"line":39,"column":2},"end":{"line":39,"column":2}}]},"3":{"line":39,"type":"binary-expr","locations":[{"start":{"line":39,"column":6},"end":{"line":39,"column":47}},{"start":{"line":39,"column":51},"end":{"line":39,"column":91}}]},"4":{"line":45,"type":"if","locations":[{"start":{"line":45,"column":2},"end":{"line":45,"column":2}},{"start":{"line":45,"column":2},"end":{"line":45,"column":2}}]},"5":{"line":45,"type":"binary-expr","locations":[{"start":{"line":45,"column":6},"end":{"line":45,"column":19}},{"start":{"line":45,"column":23},"end":{"line":45,"column":57}}]},"6":{"line":51,"type":"cond-expr","locations":[{"start":{"line":51,"column":44},"end":{"line":51,"column":61}},{"start":{"line":51,"column":64},"end":{"line":51,"column":77}}]},"7":{"line":51,"type":"binary-expr","locations":[{"start":{"line":51,"column":64},"end":{"line":51,"column":71}},{"start":{"line":51,"column":75},"end":{"line":51,"column":77}}]},"8":{"line":55,"type":"if","locations":[{"start":{"line":55,"column":2},"end":{"line":55,"column":2}},{"start":{"line":55,"column":2},"end":{"line":55,"column":2}}]},"9":{"line":55,"type":"binary-expr","locations":[{"start":{"line":55,"column":6},"end":{"line":55,"column":34}},{"start":{"line":55,"column":38},"end":{"line":55,"column":65}}]},"10":{"line":67,"type":"if","locations":[{"start":{"line":67,"column":2},"end":{"line":67,"column":2}},{"start":{"line":67,"column":2},"end":{"line":67,"column":2}}]},"11":{"line":76,"type":"if","locations":[{"start":{"line":76,"column":4},"end":{"line":76,"column":4}},{"start":{"line":76,"column":4},"end":{"line":76,"column":4}}]},"12":{"line":80,"type":"if","locations":[{"start":{"line":80,"column":6},"end":{"line":80,"column":6}},{"start":{"line":80,"column":6},"end":{"line":80,"column":6}}]}}},"/Users/ryan.parsley/Sites/dove/api/responses/ok.js":{"path":"/Users/ryan.parsley/Sites/dove/api/responses/ok.js","s":{"1":1,"2":0,"3":0,"4":0,"5":0,"6":0,"7":0,"8":0,"9":0,"10":0,"11":0,"12":0,"13":0,"14":0,"15":0,"16":0,"17":0,"18":0},"b":{"1":[0,0],"2":[0,0],"3":[0,0],"4":[0,0],"5":[0,0],"6":[0,0],"7":[0,0]},"f":{"1":0,"2":0},"fnMap":{"1":{"name":"sendOK","line":14,"loc":{"start":{"line":14,"column":17},"end":{"line":14,"column":49}}},"2":{"name":"couldNotGuessView","line":56,"loc":{"start":{"line":56,"column":61},"end":{"line":56,"column":91}}}},"statementMap":{"1":{"start":{"line":14,"column":0},"end":{"line":60,"column":2}},"2":{"start":{"line":17,"column":2},"end":{"line":17,"column":21}},"3":{"start":{"line":18,"column":2},"end":{"line":18,"column":21}},"4":{"start":{"line":19,"column":2},"end":{"line":19,"column":25}},"5":{"start":{"line":21,"column":2},"end":{"line":21,"column":61}},"6":{"start":{"line":24,"column":2},"end":{"line":24,"column":18}},"7":{"start":{"line":28,"column":2},"end":{"line":30,"column":3}},"8":{"start":{"line":29,"column":4},"end":{"line":29,"column":27}},"9":{"start":{"line":34,"column":2},"end":{"line":34,"column":78}},"10":{"start":{"line":37,"column":2},"end":{"line":37,"column":22}},"11":{"start":{"line":38,"column":2},"end":{"line":45,"column":3}},"12":{"start":{"line":39,"column":4},"end":{"line":44,"column":5}},"13":{"start":{"line":40,"column":6},"end":{"line":40,"column":62}},"14":{"start":{"line":43,"column":6},"end":{"line":43,"column":27}},"15":{"start":{"line":50,"column":2},"end":{"line":58,"column":5}},"16":{"start":{"line":51,"column":4},"end":{"line":51,"column":67}},"17":{"start":{"line":56,"column":7},"end":{"line":58,"column":5}},"18":{"start":{"line":57,"column":4},"end":{"line":57,"column":27}}},"branchMap":{"1":{"line":28,"type":"if","locations":[{"start":{"line":28,"column":2},"end":{"line":28,"column":2}},{"start":{"line":28,"column":2},"end":{"line":28,"column":2}}]},"2":{"line":28,"type":"binary-expr","locations":[{"start":{"line":28,"column":6},"end":{"line":28,"column":19}},{"start":{"line":28,"column":23},"end":{"line":28,"column":57}}]},"3":{"line":34,"type":"cond-expr","locations":[{"start":{"line":34,"column":44},"end":{"line":34,"column":61}},{"start":{"line":34,"column":64},"end":{"line":34,"column":77}}]},"4":{"line":34,"type":"binary-expr","locations":[{"start":{"line":34,"column":64},"end":{"line":34,"column":71}},{"start":{"line":34,"column":75},"end":{"line":34,"column":77}}]},"5":{"line":38,"type":"if","locations":[{"start":{"line":38,"column":2},"end":{"line":38,"column":2}},{"start":{"line":38,"column":2},"end":{"line":38,"column":2}}]},"6":{"line":38,"type":"binary-expr","locations":[{"start":{"line":38,"column":6},"end":{"line":38,"column":34}},{"start":{"line":38,"column":38},"end":{"line":38,"column":65}}]},"7":{"line":50,"type":"if","locations":[{"start":{"line":50,"column":2},"end":{"line":50,"column":2}},{"start":{"line":50,"column":2},"end":{"line":50,"column":2}}]}}},"/Users/ryan.parsley/Sites/dove/api/responses/serverError.js":{"path":"/Users/ryan.parsley/Sites/dove/api/responses/serverError.js","s":{"1":1,"2":0,"3":0,"4":0,"5":0,"6":0,"7":0,"8":0,"9":0,"10":0,"11":0,"12":0,"13":0,"14":0,"15":0,"16":0,"17":0,"18":0,"19":0,"20":0,"21":0,"22":0,"23":0,"24":0,"25":0,"26":0,"27":0},"b":{"1":[0,0],"2":[0,0],"3":[0,0],"4":[0,0],"5":[0,0],"6":[0,0],"7":[0,0],"8":[0,0],"9":[0,0],"10":[0,0],"11":[0,0],"12":[0,0]},"f":{"1":0,"2":0},"fnMap":{"1":{"name":"serverError","line":15,"loc":{"start":{"line":15,"column":17},"end":{"line":15,"column":54}}},"2":{"name":"(anonymous_2)","line":68,"loc":{"start":{"line":68,"column":73},"end":{"line":68,"column":94}}}},"statementMap":{"1":{"start":{"line":15,"column":0},"end":{"line":88,"column":2}},"2":{"start":{"line":18,"column":2},"end":{"line":18,"column":21}},"3":{"start":{"line":19,"column":2},"end":{"line":19,"column":21}},"4":{"start":{"line":20,"column":2},"end":{"line":20,"column":25}},"5":{"start":{"line":23,"column":2},"end":{"line":23,"column":18}},"6":{"start":{"line":26,"column":2},"end":{"line":29,"column":70}},"7":{"start":{"line":27,"column":4},"end":{"line":27,"column":70}},"8":{"start":{"line":29,"column":7},"end":{"line":29,"column":70}},"9":{"start":{"line":34,"column":2},"end":{"line":36,"column":3}},"10":{"start":{"line":35,"column":4},"end":{"line":35,"column":21}},"11":{"start":{"line":40,"column":2},"end":{"line":42,"column":3}},"12":{"start":{"line":41,"column":4},"end":{"line":41,"column":27}},"13":{"start":{"line":46,"column":2},"end":{"line":46,"column":78}},"14":{"start":{"line":49,"column":2},"end":{"line":49,"column":22}},"15":{"start":{"line":50,"column":2},"end":{"line":57,"column":3}},"16":{"start":{"line":51,"column":4},"end":{"line":56,"column":5}},"17":{"start":{"line":52,"column":6},"end":{"line":52,"column":62}},"18":{"start":{"line":55,"column":6},"end":{"line":55,"column":27}},"19":{"start":{"line":62,"column":2},"end":{"line":86,"column":5}},"20":{"start":{"line":63,"column":4},"end":{"line":63,"column":77}},"21":{"start":{"line":68,"column":7},"end":{"line":86,"column":5}},"22":{"start":{"line":71,"column":4},"end":{"line":83,"column":5}},"23":{"start":{"line":75,"column":6},"end":{"line":81,"column":7}},"24":{"start":{"line":76,"column":8},"end":{"line":76,"column":126}},"25":{"start":{"line":80,"column":8},"end":{"line":80,"column":147}},"26":{"start":{"line":82,"column":6},"end":{"line":82,"column":29}},"27":{"start":{"line":85,"column":4},"end":{"line":85,"column":26}}},"branchMap":{"1":{"line":26,"type":"if","locations":[{"start":{"line":26,"column":2},"end":{"line":26,"column":2}},{"start":{"line":26,"column":2},"end":{"line":26,"column":2}}]},"2":{"line":34,"type":"if","locations":[{"start":{"line":34,"column":2},"end":{"line":34,"column":2}},{"start":{"line":34,"column":2},"end":{"line":34,"column":2}}]},"3":{"line":34,"type":"binary-expr","locations":[{"start":{"line":34,"column":6},"end":{"line":34,"column":47}},{"start":{"line":34,"column":51},"end":{"line":34,"column":91}}]},"4":{"line":40,"type":"if","locations":[{"start":{"line":40,"column":2},"end":{"line":40,"column":2}},{"start":{"line":40,"column":2},"end":{"line":40,"column":2}}]},"5":{"line":40,"type":"binary-expr","locations":[{"start":{"line":40,"column":6},"end":{"line":40,"column":19}},{"start":{"line":40,"column":23},"end":{"line":40,"column":57}}]},"6":{"line":46,"type":"cond-expr","locations":[{"start":{"line":46,"column":44},"end":{"line":46,"column":61}},{"start":{"line":46,"column":64},"end":{"line":46,"column":77}}]},"7":{"line":46,"type":"binary-expr","locations":[{"start":{"line":46,"column":64},"end":{"line":46,"column":71}},{"start":{"line":46,"column":75},"end":{"line":46,"column":77}}]},"8":{"line":50,"type":"if","locations":[{"start":{"line":50,"column":2},"end":{"line":50,"column":2}},{"start":{"line":50,"column":2},"end":{"line":50,"column":2}}]},"9":{"line":50,"type":"binary-expr","locations":[{"start":{"line":50,"column":6},"end":{"line":50,"column":34}},{"start":{"line":50,"column":38},"end":{"line":50,"column":65}}]},"10":{"line":62,"type":"if","locations":[{"start":{"line":62,"column":2},"end":{"line":62,"column":2}},{"start":{"line":62,"column":2},"end":{"line":62,"column":2}}]},"11":{"line":71,"type":"if","locations":[{"start":{"line":71,"column":4},"end":{"line":71,"column":4}},{"start":{"line":71,"column":4},"end":{"line":71,"column":4}}]},"12":{"line":75,"type":"if","locations":[{"start":{"line":75,"column":6},"end":{"line":75,"column":6}},{"start":{"line":75,"column":6},"end":{"line":75,"column":6}}]}}},"/Users/ryan.parsley/Sites/dove/api/models/Project.js":{"path":"/Users/ryan.parsley/Sites/dove/api/models/Project.js","s":{"1":1,"2":1,"3":1,"4":1,"5":0,"6":0,"7":0,"8":0,"9":0,"10":0,"11":0,"12":0},"b":{"1":[0,0]},"f":{"1":0,"2":0,"3":0,"4":0},"fnMap":{"1":{"name":"(anonymous_1)","line":21,"loc":{"start":{"line":21,"column":26},"end":{"line":21,"column":38}}},"2":{"name":"(anonymous_2)","line":34,"loc":{"start":{"line":34,"column":21},"end":{"line":34,"column":31}}},"3":{"name":"(anonymous_3)","line":47,"loc":{"start":{"line":47,"column":16},"end":{"line":47,"column":39}}},"4":{"name":"(anonymous_4)","line":53,"loc":{"start":{"line":53,"column":16},"end":{"line":53,"column":39}}}},"statementMap":{"1":{"start":{"line":8,"column":0},"end":{"line":8,"column":31}},"2":{"start":{"line":9,"column":0},"end":{"line":9,"column":31}},"3":{"start":{"line":10,"column":0},"end":{"line":10,"column":40}},"4":{"start":{"line":12,"column":0},"end":{"line":58,"column":2}},"5":{"start":{"line":23,"column":6},"end":{"line":28,"column":7}},"6":{"start":{"line":24,"column":8},"end":{"line":24,"column":40}},"7":{"start":{"line":27,"column":8},"end":{"line":27,"column":32}},"8":{"start":{"line":36,"column":6},"end":{"line":36,"column":38}},"9":{"start":{"line":49,"column":4},"end":{"line":49,"column":42}},"10":{"start":{"line":50,"column":4},"end":{"line":50,"column":11}},"11":{"start":{"line":55,"column":4},"end":{"line":55,"column":42}},"12":{"start":{"line":56,"column":4},"end":{"line":56,"column":11}}},"branchMap":{"1":{"line":23,"type":"if","locations":[{"start":{"line":23,"column":6},"end":{"line":23,"column":6}},{"start":{"line":23,"column":6},"end":{"line":23,"column":6}}]}}},"/Users/ryan.parsley/Sites/dove/api/models/User.js":{"path":"/Users/ryan.parsley/Sites/dove/api/models/User.js","s":{"1":1,"2":1,"3":1,"4":0,"5":0,"6":0,"7":0},"b":{},"f":{"1":0,"2":0},"fnMap":{"1":{"name":"(anonymous_1)","line":32,"loc":{"start":{"line":32,"column":16},"end":{"line":32,"column":39}}},"2":{"name":"(anonymous_2)","line":38,"loc":{"start":{"line":38,"column":16},"end":{"line":38,"column":39}}}},"statementMap":{"1":{"start":{"line":8,"column":0},"end":{"line":8,"column":31}},"2":{"start":{"line":10,"column":0},"end":{"line":10,"column":40}},"3":{"start":{"line":12,"column":0},"end":{"line":43,"column":2}},"4":{"start":{"line":34,"column":4},"end":{"line":34,"column":42}},"5":{"start":{"line":35,"column":4},"end":{"line":35,"column":11}},"6":{"start":{"line":40,"column":4},"end":{"line":40,"column":42}},"7":{"start":{"line":41,"column":4},"end":{"line":41,"column":11}}},"branchMap":{}},"/Users/ryan.parsley/Sites/dove/api/controllers/LandingController.js":{"path":"/Users/ryan.parsley/Sites/dove/api/controllers/LandingController.js","s":{"1":1,"2":0,"3":0,"4":0,"5":0,"6":0,"7":0,"8":0,"9":0,"10":0,"11":0,"12":0,"13":0,"14":0,"15":0,"16":0},"b":{"1":[0,0],"2":[0,0],"3":[0,0]},"f":{"1":0,"2":0,"3":0,"4":0,"5":0,"6":0,"7":0},"fnMap":{"1":{"name":"(anonymous_1)","line":9,"loc":{"start":{"line":9,"column":9},"end":{"line":9,"column":34}}},"2":{"name":"(anonymous_2)","line":12,"loc":{"start":{"line":12,"column":55},"end":{"line":12,"column":77}}},"3":{"name":"(anonymous_3)","line":17,"loc":{"start":{"line":17,"column":60},"end":{"line":17,"column":85}}},"4":{"name":"(anonymous_4)","line":18,"loc":{"start":{"line":18,"column":59},"end":{"line":18,"column":81}}},"5":{"name":"(anonymous_5)","line":23,"loc":{"start":{"line":23,"column":64},"end":{"line":23,"column":89}}},"6":{"name":"(anonymous_6)","line":28,"loc":{"start":{"line":28,"column":22},"end":{"line":28,"column":35}}},"7":{"name":"(anonymous_7)","line":32,"loc":{"start":{"line":32,"column":25},"end":{"line":32,"column":38}}}},"statementMap":{"1":{"start":{"line":8,"column":0},"end":{"line":42,"column":2}},"2":{"start":{"line":12,"column":4},"end":{"line":40,"column":7}},"3":{"start":{"line":13,"column":6},"end":{"line":15,"column":7}},"4":{"start":{"line":14,"column":8},"end":{"line":14,"column":25}},"5":{"start":{"line":17,"column":6},"end":{"line":39,"column":9}},"6":{"start":{"line":18,"column":8},"end":{"line":38,"column":11}},"7":{"start":{"line":19,"column":10},"end":{"line":21,"column":11}},"8":{"start":{"line":20,"column":12},"end":{"line":20,"column":29}},"9":{"start":{"line":23,"column":10},"end":{"line":37,"column":13}},"10":{"start":{"line":24,"column":12},"end":{"line":26,"column":13}},"11":{"start":{"line":25,"column":14},"end":{"line":25,"column":31}},"12":{"start":{"line":28,"column":12},"end":{"line":30,"column":15}},"13":{"start":{"line":29,"column":14},"end":{"line":29,"column":32}},"14":{"start":{"line":32,"column":12},"end":{"line":34,"column":15}},"15":{"start":{"line":33,"column":14},"end":{"line":33,"column":35}},"16":{"start":{"line":36,"column":12},"end":{"line":36,"column":57}}},"branchMap":{"1":{"line":13,"type":"if","locations":[{"start":{"line":13,"column":6},"end":{"line":13,"column":6}},{"start":{"line":13,"column":6},"end":{"line":13,"column":6}}]},"2":{"line":19,"type":"if","locations":[{"start":{"line":19,"column":10},"end":{"line":19,"column":10}},{"start":{"line":19,"column":10},"end":{"line":19,"column":10}}]},"3":{"line":24,"type":"if","locations":[{"start":{"line":24,"column":12},"end":{"line":24,"column":12}},{"start":{"line":24,"column":12},"end":{"line":24,"column":12}}]}}},"/Users/ryan.parsley/Sites/dove/api/controllers/ProjectController.js":{"path":"/Users/ryan.parsley/Sites/dove/api/controllers/ProjectController.js","s":{"1":1,"2":0,"3":0,"4":0,"5":0,"6":0,"7":0,"8":0,"9":0,"10":0,"11":0,"12":0,"13":0,"14":0,"15":0,"16":0,"17":0,"18":0,"19":0,"20":0,"21":0,"22":0,"23":0,"24":0,"25":0,"26":0,"27":0,"28":0,"29":0,"30":0,"31":0,"32":0,"33":0},"b":{"1":[0,0],"2":[0,0],"3":[0,0],"4":[0,0],"5":[0,0],"6":[0,0],"7":[0,0],"8":[0,0],"9":[0,0]},"f":{"1":0,"2":0,"3":0,"4":0,"5":0,"6":0,"7":0,"8":0,"9":0,"10":0,"11":0,"12":0,"13":0,"14":0},"fnMap":{"1":{"name":"(anonymous_1)","line":9,"loc":{"start":{"line":9,"column":8},"end":{"line":9,"column":32}}},"2":{"name":"(anonymous_2)","line":13,"loc":{"start":{"line":13,"column":10},"end":{"line":13,"column":32}}},"3":{"name":"(anonymous_3)","line":24,"loc":{"start":{"line":24,"column":9},"end":{"line":24,"column":34}}},"4":{"name":"(anonymous_4)","line":26,"loc":{"start":{"line":26,"column":24},"end":{"line":26,"column":49}}},"5":{"name":"(anonymous_5)","line":33,"loc":{"start":{"line":33,"column":9},"end":{"line":33,"column":35}}},"6":{"name":"(anonymous_6)","line":38,"loc":{"start":{"line":38,"column":10},"end":{"line":38,"column":36}}},"7":{"name":"(anonymous_7)","line":40,"loc":{"start":{"line":40,"column":37},"end":{"line":40,"column":61}}},"8":{"name":"(anonymous_8)","line":47,"loc":{"start":{"line":47,"column":8},"end":{"line":47,"column":33}}},"9":{"name":"(anonymous_9)","line":49,"loc":{"start":{"line":49,"column":63},"end":{"line":49,"column":85}}},"10":{"name":"(anonymous_10)","line":61,"loc":{"start":{"line":61,"column":10},"end":{"line":61,"column":35}}},"11":{"name":"(anonymous_11)","line":63,"loc":{"start":{"line":63,"column":74},"end":{"line":63,"column":98}}},"12":{"name":"(anonymous_12)","line":71,"loc":{"start":{"line":71,"column":11},"end":{"line":71,"column":36}}},"13":{"name":"(anonymous_13)","line":72,"loc":{"start":{"line":72,"column":63},"end":{"line":72,"column":85}}},"14":{"name":"(anonymous_14)","line":78,"loc":{"start":{"line":78,"column":22},"end":{"line":78,"column":37}}}},"statementMap":{"1":{"start":{"line":8,"column":0},"end":{"line":83,"column":2}},"2":{"start":{"line":11,"column":4},"end":{"line":22,"column":7}},"3":{"start":{"line":14,"column":6},"end":{"line":16,"column":7}},"4":{"start":{"line":15,"column":8},"end":{"line":15,"column":25}},"5":{"start":{"line":17,"column":6},"end":{"line":21,"column":7}},"6":{"start":{"line":18,"column":8},"end":{"line":18,"column":64}},"7":{"start":{"line":20,"column":8},"end":{"line":20,"column":22}},"8":{"start":{"line":26,"column":4},"end":{"line":31,"column":7}},"9":{"start":{"line":27,"column":6},"end":{"line":29,"column":7}},"10":{"start":{"line":28,"column":8},"end":{"line":28,"column":25}},"11":{"start":{"line":30,"column":6},"end":{"line":30,"column":76}},"12":{"start":{"line":35,"column":4},"end":{"line":35,"column":47}},"13":{"start":{"line":36,"column":4},"end":{"line":36,"column":50}},"14":{"start":{"line":40,"column":4},"end":{"line":45,"column":7}},"15":{"start":{"line":41,"column":6},"end":{"line":43,"column":7}},"16":{"start":{"line":42,"column":8},"end":{"line":42,"column":25}},"17":{"start":{"line":44,"column":6},"end":{"line":44,"column":30}},"18":{"start":{"line":49,"column":4},"end":{"line":59,"column":7}},"19":{"start":{"line":50,"column":6},"end":{"line":52,"column":7}},"20":{"start":{"line":51,"column":8},"end":{"line":51,"column":25}},"21":{"start":{"line":53,"column":6},"end":{"line":53,"column":30}},"22":{"start":{"line":54,"column":6},"end":{"line":58,"column":9}},"23":{"start":{"line":63,"column":4},"end":{"line":69,"column":7}},"24":{"start":{"line":64,"column":6},"end":{"line":66,"column":7}},"25":{"start":{"line":65,"column":8},"end":{"line":65,"column":25}},"26":{"start":{"line":67,"column":6},"end":{"line":67,"column":32}},"27":{"start":{"line":68,"column":6},"end":{"line":68,"column":50}},"28":{"start":{"line":72,"column":4},"end":{"line":81,"column":7}},"29":{"start":{"line":73,"column":6},"end":{"line":75,"column":7}},"30":{"start":{"line":74,"column":8},"end":{"line":74,"column":25}},"31":{"start":{"line":76,"column":6},"end":{"line":76,"column":30}},"32":{"start":{"line":78,"column":6},"end":{"line":80,"column":9}},"33":{"start":{"line":79,"column":8},"end":{"line":79,"column":33}}},"branchMap":{"1":{"line":14,"type":"if","locations":[{"start":{"line":14,"column":6},"end":{"line":14,"column":6}},{"start":{"line":14,"column":6},"end":{"line":14,"column":6}}]},"2":{"line":17,"type":"if","locations":[{"start":{"line":17,"column":6},"end":{"line":17,"column":6}},{"start":{"line":17,"column":6},"end":{"line":17,"column":6}}]},"3":{"line":27,"type":"if","locations":[{"start":{"line":27,"column":6},"end":{"line":27,"column":6}},{"start":{"line":27,"column":6},"end":{"line":27,"column":6}}]},"4":{"line":41,"type":"if","locations":[{"start":{"line":41,"column":6},"end":{"line":41,"column":6}},{"start":{"line":41,"column":6},"end":{"line":41,"column":6}}]},"5":{"line":50,"type":"if","locations":[{"start":{"line":50,"column":6},"end":{"line":50,"column":6}},{"start":{"line":50,"column":6},"end":{"line":50,"column":6}}]},"6":{"line":53,"type":"binary-expr","locations":[{"start":{"line":53,"column":16},"end":{"line":53,"column":23}},{"start":{"line":53,"column":27},"end":{"line":53,"column":29}}]},"7":{"line":64,"type":"if","locations":[{"start":{"line":64,"column":6},"end":{"line":64,"column":6}},{"start":{"line":64,"column":6},"end":{"line":64,"column":6}}]},"8":{"line":73,"type":"if","locations":[{"start":{"line":73,"column":6},"end":{"line":73,"column":6}},{"start":{"line":73,"column":6},"end":{"line":73,"column":6}}]},"9":{"line":76,"type":"binary-expr","locations":[{"start":{"line":76,"column":16},"end":{"line":76,"column":23}},{"start":{"line":76,"column":27},"end":{"line":76,"column":29}}]}}},"/Users/ryan.parsley/Sites/dove/api/controllers/UserController.js":{"path":"/Users/ryan.parsley/Sites/dove/api/controllers/UserController.js","s":{"1":1,"2":0,"3":0,"4":0,"5":0,"6":0,"7":0,"8":0,"9":0,"10":0,"11":0,"12":0,"13":0,"14":0,"15":0,"16":0,"17":0,"18":0,"19":0,"20":0,"21":0,"22":0,"23":0,"24":0,"25":0,"26":0,"27":0,"28":0,"29":0,"30":0,"31":0,"32":0,"33":0,"34":0,"35":0,"36":0,"37":0,"38":0,"39":0,"40":0,"41":0,"42":0,"43":0,"44":0,"45":0,"46":0,"47":0,"48":0,"49":0,"50":0,"51":0,"52":0,"53":0,"54":0,"55":0,"56":0,"57":0,"58":0,"59":0,"60":0,"61":0,"62":0,"63":0,"64":0,"65":0,"66":0,"67":0,"68":0,"69":0,"70":0,"71":0,"72":0,"73":0,"74":0,"75":0},"b":{"1":[0,0],"2":[0,0],"3":[0,0],"4":[0,0],"5":[0,0],"6":[0,0],"7":[0,0],"8":[0,0],"9":[0,0],"10":[0,0],"11":[0,0],"12":[0,0],"13":[0,0],"14":[0,0],"15":[0,0],"16":[0,0],"17":[0,0],"18":[0,0],"19":[0,0],"20":[0,0],"21":[0,0]},"f":{"1":0,"2":0,"3":0,"4":0,"5":0,"6":0,"7":0,"8":0,"9":0,"10":0,"11":0,"12":0,"13":0,"14":0,"15":0,"16":0,"17":0,"18":0,"19":0,"20":0,"21":0,"22":0,"23":0,"24":0,"25":0,"26":0,"27":0,"28":0},"fnMap":{"1":{"name":"(anonymous_1)","line":9,"loc":{"start":{"line":9,"column":10},"end":{"line":9,"column":29}}},"2":{"name":"(anonymous_2)","line":12,"loc":{"start":{"line":12,"column":22},"end":{"line":12,"column":42}}},"3":{"name":"(anonymous_3)","line":35,"loc":{"start":{"line":35,"column":12},"end":{"line":35,"column":32}}},"4":{"name":"(anonymous_4)","line":51,"loc":{"start":{"line":51,"column":8},"end":{"line":51,"column":32}}},"5":{"name":"(anonymous_5)","line":55,"loc":{"start":{"line":55,"column":12},"end":{"line":55,"column":28}}},"6":{"name":"(anonymous_6)","line":58,"loc":{"start":{"line":58,"column":14},"end":{"line":58,"column":30}}},"7":{"name":"(anonymous_7)","line":61,"loc":{"start":{"line":61,"column":12},"end":{"line":61,"column":25}}},"8":{"name":"(anonymous_8)","line":68,"loc":{"start":{"line":68,"column":9},"end":{"line":68,"column":34}}},"9":{"name":"(anonymous_9)","line":71,"loc":{"start":{"line":71,"column":10},"end":{"line":71,"column":32}}},"10":{"name":"(anonymous_10)","line":79,"loc":{"start":{"line":79,"column":12},"end":{"line":79,"column":37}}},"11":{"name":"(anonymous_11)","line":81,"loc":{"start":{"line":81,"column":21},"end":{"line":81,"column":43}}},"12":{"name":"(anonymous_12)","line":89,"loc":{"start":{"line":89,"column":9},"end":{"line":89,"column":35}}},"13":{"name":"(anonymous_13)","line":93,"loc":{"start":{"line":93,"column":10},"end":{"line":93,"column":33}}},"14":{"name":"(anonymous_14)","line":105,"loc":{"start":{"line":105,"column":10},"end":{"line":105,"column":36}}},"15":{"name":"(anonymous_15)","line":107,"loc":{"start":{"line":107,"column":34},"end":{"line":107,"column":55}}},"16":{"name":"(anonymous_16)","line":113,"loc":{"start":{"line":113,"column":12},"end":{"line":113,"column":38}}},"17":{"name":"(anonymous_17)","line":129,"loc":{"start":{"line":129,"column":18},"end":{"line":129,"column":44}}},"18":{"name":"(anonymous_18)","line":140,"loc":{"start":{"line":140,"column":8},"end":{"line":140,"column":33}}},"19":{"name":"(anonymous_19)","line":144,"loc":{"start":{"line":144,"column":10},"end":{"line":144,"column":29}}},"20":{"name":"(anonymous_20)","line":147,"loc":{"start":{"line":147,"column":12},"end":{"line":147,"column":36}}},"21":{"name":"(anonymous_21)","line":162,"loc":{"start":{"line":162,"column":10},"end":{"line":162,"column":35}}},"22":{"name":"(anonymous_22)","line":165,"loc":{"start":{"line":165,"column":54},"end":{"line":165,"column":74}}},"23":{"name":"(anonymous_23)","line":171,"loc":{"start":{"line":171,"column":12},"end":{"line":171,"column":38}}},"24":{"name":"(anonymous_24)","line":187,"loc":{"start":{"line":187,"column":18},"end":{"line":187,"column":42}}},"25":{"name":"(anonymous_25)","line":193,"loc":{"start":{"line":193,"column":77},"end":{"line":193,"column":98}}},"26":{"name":"(anonymous_26)","line":200,"loc":{"start":{"line":200,"column":11},"end":{"line":200,"column":36}}},"27":{"name":"(anonymous_27)","line":202,"loc":{"start":{"line":202,"column":60},"end":{"line":202,"column":79}}},"28":{"name":"(anonymous_28)","line":208,"loc":{"start":{"line":208,"column":19},"end":{"line":208,"column":34}}}},"statementMap":{"1":{"start":{"line":8,"column":0},"end":{"line":213,"column":2}},"2":{"start":{"line":12,"column":4},"end":{"line":49,"column":7}},"3":{"start":{"line":13,"column":6},"end":{"line":15,"column":7}},"4":{"start":{"line":14,"column":8},"end":{"line":14,"column":34}},"5":{"start":{"line":16,"column":6},"end":{"line":18,"column":7}},"6":{"start":{"line":17,"column":8},"end":{"line":17,"column":30}},"7":{"start":{"line":19,"column":6},"end":{"line":48,"column":9}},"8":{"start":{"line":36,"column":8},"end":{"line":47,"column":9}},"9":{"start":{"line":37,"column":10},"end":{"line":42,"column":13}},"10":{"start":{"line":44,"column":10},"end":{"line":46,"column":42}},"11":{"start":{"line":53,"column":4},"end":{"line":66,"column":9}},"12":{"start":{"line":56,"column":8},"end":{"line":56,"column":37}},"13":{"start":{"line":59,"column":8},"end":{"line":59,"column":54}},"14":{"start":{"line":62,"column":8},"end":{"line":64,"column":9}},"15":{"start":{"line":63,"column":10},"end":{"line":63,"column":27}},"16":{"start":{"line":65,"column":8},"end":{"line":65,"column":26}},"17":{"start":{"line":70,"column":4},"end":{"line":77,"column":7}},"18":{"start":{"line":72,"column":6},"end":{"line":74,"column":7}},"19":{"start":{"line":73,"column":8},"end":{"line":73,"column":25}},"20":{"start":{"line":76,"column":6},"end":{"line":76,"column":65}},"21":{"start":{"line":81,"column":4},"end":{"line":87,"column":7}},"22":{"start":{"line":82,"column":6},"end":{"line":84,"column":7}},"23":{"start":{"line":83,"column":8},"end":{"line":83,"column":25}},"24":{"start":{"line":86,"column":6},"end":{"line":86,"column":31}},"25":{"start":{"line":91,"column":4},"end":{"line":91,"column":57}},"26":{"start":{"line":92,"column":4},"end":{"line":103,"column":7}},"27":{"start":{"line":94,"column":6},"end":{"line":96,"column":7}},"28":{"start":{"line":95,"column":8},"end":{"line":95,"column":25}},"29":{"start":{"line":97,"column":6},"end":{"line":102,"column":9}},"30":{"start":{"line":107,"column":4},"end":{"line":138,"column":7}},"31":{"start":{"line":108,"column":6},"end":{"line":110,"column":7}},"32":{"start":{"line":109,"column":8},"end":{"line":109,"column":25}},"33":{"start":{"line":111,"column":6},"end":{"line":137,"column":9}},"34":{"start":{"line":114,"column":8},"end":{"line":114,"column":19}},"35":{"start":{"line":115,"column":8},"end":{"line":117,"column":9}},"36":{"start":{"line":116,"column":10},"end":{"line":116,"column":27}},"37":{"start":{"line":119,"column":8},"end":{"line":119,"column":53}},"38":{"start":{"line":121,"column":8},"end":{"line":125,"column":9}},"39":{"start":{"line":122,"column":10},"end":{"line":124,"column":11}},"40":{"start":{"line":123,"column":12},"end":{"line":123,"column":43}},"41":{"start":{"line":127,"column":8},"end":{"line":127,"column":52}},"42":{"start":{"line":129,"column":8},"end":{"line":136,"column":11}},"43":{"start":{"line":131,"column":10},"end":{"line":134,"column":11}},"44":{"start":{"line":133,"column":12},"end":{"line":133,"column":40}},"45":{"start":{"line":135,"column":10},"end":{"line":135,"column":55}},"46":{"start":{"line":142,"column":4},"end":{"line":160,"column":7}},"47":{"start":{"line":145,"column":6},"end":{"line":159,"column":9}},"48":{"start":{"line":148,"column":8},"end":{"line":150,"column":9}},"49":{"start":{"line":149,"column":10},"end":{"line":149,"column":27}},"50":{"start":{"line":151,"column":8},"end":{"line":151,"column":26}},"51":{"start":{"line":152,"column":8},"end":{"line":152,"column":62}},"52":{"start":{"line":153,"column":8},"end":{"line":158,"column":11}},"53":{"start":{"line":165,"column":4},"end":{"line":198,"column":7}},"54":{"start":{"line":166,"column":6},"end":{"line":168,"column":7}},"55":{"start":{"line":167,"column":8},"end":{"line":167,"column":25}},"56":{"start":{"line":169,"column":6},"end":{"line":197,"column":9}},"57":{"start":{"line":172,"column":8},"end":{"line":172,"column":19}},"58":{"start":{"line":173,"column":8},"end":{"line":175,"column":9}},"59":{"start":{"line":174,"column":10},"end":{"line":174,"column":27}},"60":{"start":{"line":177,"column":8},"end":{"line":177,"column":53}},"61":{"start":{"line":179,"column":8},"end":{"line":183,"column":9}},"62":{"start":{"line":180,"column":10},"end":{"line":182,"column":11}},"63":{"start":{"line":181,"column":12},"end":{"line":181,"column":43}},"64":{"start":{"line":185,"column":8},"end":{"line":185,"column":52}},"65":{"start":{"line":187,"column":8},"end":{"line":196,"column":11}},"66":{"start":{"line":189,"column":10},"end":{"line":192,"column":11}},"67":{"start":{"line":191,"column":12},"end":{"line":191,"column":40}},"68":{"start":{"line":193,"column":10},"end":{"line":195,"column":13}},"69":{"start":{"line":194,"column":12},"end":{"line":194,"column":56}},"70":{"start":{"line":202,"column":4},"end":{"line":211,"column":7}},"71":{"start":{"line":203,"column":6},"end":{"line":205,"column":7}},"72":{"start":{"line":204,"column":8},"end":{"line":204,"column":25}},"73":{"start":{"line":206,"column":6},"end":{"line":206,"column":24}},"74":{"start":{"line":208,"column":6},"end":{"line":210,"column":9}},"75":{"start":{"line":209,"column":8},"end":{"line":209,"column":30}}},"branchMap":{"1":{"line":13,"type":"if","locations":[{"start":{"line":13,"column":6},"end":{"line":13,"column":6}},{"start":{"line":13,"column":6},"end":{"line":13,"column":6}}]},"2":{"line":16,"type":"if","locations":[{"start":{"line":16,"column":6},"end":{"line":16,"column":6}},{"start":{"line":16,"column":6},"end":{"line":16,"column":6}}]},"3":{"line":36,"type":"if","locations":[{"start":{"line":36,"column":8},"end":{"line":36,"column":8}},{"start":{"line":36,"column":8},"end":{"line":36,"column":8}}]},"4":{"line":62,"type":"if","locations":[{"start":{"line":62,"column":8},"end":{"line":62,"column":8}},{"start":{"line":62,"column":8},"end":{"line":62,"column":8}}]},"5":{"line":72,"type":"if","locations":[{"start":{"line":72,"column":6},"end":{"line":72,"column":6}},{"start":{"line":72,"column":6},"end":{"line":72,"column":6}}]},"6":{"line":82,"type":"if","locations":[{"start":{"line":82,"column":6},"end":{"line":82,"column":6}},{"start":{"line":82,"column":6},"end":{"line":82,"column":6}}]},"7":{"line":94,"type":"if","locations":[{"start":{"line":94,"column":6},"end":{"line":94,"column":6}},{"start":{"line":94,"column":6},"end":{"line":94,"column":6}}]},"8":{"line":108,"type":"if","locations":[{"start":{"line":108,"column":6},"end":{"line":108,"column":6}},{"start":{"line":108,"column":6},"end":{"line":108,"column":6}}]},"9":{"line":115,"type":"if","locations":[{"start":{"line":115,"column":8},"end":{"line":115,"column":8}},{"start":{"line":115,"column":8},"end":{"line":115,"column":8}}]},"10":{"line":119,"type":"binary-expr","locations":[{"start":{"line":119,"column":22},"end":{"line":119,"column":46}},{"start":{"line":119,"column":50},"end":{"line":119,"column":52}}]},"11":{"line":122,"type":"if","locations":[{"start":{"line":122,"column":10},"end":{"line":122,"column":10}},{"start":{"line":122,"column":10},"end":{"line":122,"column":10}}]},"12":{"line":131,"type":"if","locations":[{"start":{"line":131,"column":10},"end":{"line":131,"column":10}},{"start":{"line":131,"column":10},"end":{"line":131,"column":10}}]},"13":{"line":148,"type":"if","locations":[{"start":{"line":148,"column":8},"end":{"line":148,"column":8}},{"start":{"line":148,"column":8},"end":{"line":148,"column":8}}]},"14":{"line":151,"type":"binary-expr","locations":[{"start":{"line":151,"column":15},"end":{"line":151,"column":19}},{"start":{"line":151,"column":23},"end":{"line":151,"column":25}}]},"15":{"line":166,"type":"if","locations":[{"start":{"line":166,"column":6},"end":{"line":166,"column":6}},{"start":{"line":166,"column":6},"end":{"line":166,"column":6}}]},"16":{"line":173,"type":"if","locations":[{"start":{"line":173,"column":8},"end":{"line":173,"column":8}},{"start":{"line":173,"column":8},"end":{"line":173,"column":8}}]},"17":{"line":177,"type":"binary-expr","locations":[{"start":{"line":177,"column":22},"end":{"line":177,"column":46}},{"start":{"line":177,"column":50},"end":{"line":177,"column":52}}]},"18":{"line":180,"type":"if","locations":[{"start":{"line":180,"column":10},"end":{"line":180,"column":10}},{"start":{"line":180,"column":10},"end":{"line":180,"column":10}}]},"19":{"line":189,"type":"if","locations":[{"start":{"line":189,"column":10},"end":{"line":189,"column":10}},{"start":{"line":189,"column":10},"end":{"line":189,"column":10}}]},"20":{"line":203,"type":"if","locations":[{"start":{"line":203,"column":6},"end":{"line":203,"column":6}},{"start":{"line":203,"column":6},"end":{"line":203,"column":6}}]},"21":{"line":206,"type":"binary-expr","locations":[{"start":{"line":206,"column":13},"end":{"line":206,"column":17}},{"start":{"line":206,"column":21},"end":{"line":206,"column":23}}]}}},"/Users/ryan.parsley/Sites/dove/api/policies/sessionAuth.js":{"path":"/Users/ryan.parsley/Sites/dove/api/policies/sessionAuth.js","s":{"1":1,"2":0,"3":0,"4":0},"b":{"1":[0,0]},"f":{"1":0},"fnMap":{"1":{"name":"(anonymous_1)","line":10,"loc":{"start":{"line":10,"column":17},"end":{"line":10,"column":42}}}},"statementMap":{"1":{"start":{"line":10,"column":0},"end":{"line":21,"column":2}},"2":{"start":{"line":14,"column":2},"end":{"line":16,"column":3}},"3":{"start":{"line":15,"column":4},"end":{"line":15,"column":18}},"4":{"start":{"line":20,"column":2},"end":{"line":20,"column":72}}},"branchMap":{"1":{"line":14,"type":"if","locations":[{"start":{"line":14,"column":2},"end":{"line":14,"column":2}},{"start":{"line":14,"column":2},"end":{"line":14,"column":2}}]}}}}